INFO:werkzeug:[31m[1mWARNING: This is a development server. Do not use it in a production deployment. Use a production WSGI server instead.[0m
 * Running on all addresses (0.0.0.0)
 * Running on http://127.0.0.1:5000
 * Running on http://10.0.179.104:5000
INFO:werkzeug:[33mPress CTRL+C to quit[0m
INFO:werkzeug: * Restarting with stat
WARNING:werkzeug: * Debugger is active!
INFO:werkzeug: * Debugger PIN: 954-139-024
INFO:app:Backdoor
INFO:werkzeug:127.0.0.1 - - [02/Aug/2023 13:51:58] "GET /backdoor HTTP/1.1" 200 -
INFO:werkzeug:127.0.0.1 - - [02/Aug/2023 13:51:59] "[33mGET /favicon.ico HTTP/1.1[0m" 404 -
INFO:werkzeug: * Detected change in "c:\\Users\\BNielsen\\OneDrive - St Joseph's College, Gregory Terrace\\11 Digital Solutions\\python codes\\Basic-Flask-Template\\app.py", reloading
INFO:werkzeug: * Restarting with stat
WARNING:werkzeug: * Debugger is active!
INFO:werkzeug: * Debugger PIN: 954-139-024
INFO:werkzeug: * Detected change in "c:\\Users\\BNielsen\\OneDrive - St Joseph's College, Gregory Terrace\\11 Digital Solutions\\python codes\\Basic-Flask-Template\\app.py", reloading
INFO:werkzeug: * Restarting with stat
WARNING:werkzeug: * Debugger is active!
INFO:werkzeug: * Debugger PIN: 954-139-024
INFO:werkzeug: * Detected change in "c:\\Users\\BNielsen\\OneDrive - St Joseph's College, Gregory Terrace\\11 Digital Solutions\\python codes\\Basic-Flask-Template\\app.py", reloading
INFO:werkzeug: * Restarting with stat
WARNING:werkzeug: * Debugger is active!
INFO:werkzeug: * Debugger PIN: 954-139-024
INFO:werkzeug: * Detected change in "c:\\Users\\BNielsen\\OneDrive - St Joseph's College, Gregory Terrace\\11 Digital Solutions\\python codes\\Basic-Flask-Template\\app.py", reloading
INFO:werkzeug: * Restarting with stat
WARNING:werkzeug: * Debugger is active!
INFO:werkzeug: * Debugger PIN: 954-139-024
INFO:werkzeug: * Detected change in "c:\\Users\\BNielsen\\OneDrive - St Joseph's College, Gregory Terrace\\11 Digital Solutions\\python codes\\Basic-Flask-Template\\app.py", reloading
INFO:werkzeug: * Restarting with stat
WARNING:werkzeug: * Debugger is active!
INFO:werkzeug: * Debugger PIN: 954-139-024
INFO:werkzeug: * Detected change in "c:\\Users\\BNielsen\\OneDrive - St Joseph's College, Gregory Terrace\\11 Digital Solutions\\python codes\\Basic-Flask-Template\\app.py", reloading
INFO:werkzeug: * Restarting with stat
WARNING:werkzeug: * Debugger is active!
INFO:werkzeug: * Debugger PIN: 954-139-024
INFO:werkzeug: * Detected change in "c:\\Users\\BNielsen\\OneDrive - St Joseph's College, Gregory Terrace\\11 Digital Solutions\\python codes\\Basic-Flask-Template\\app.py", reloading
INFO:werkzeug: * Restarting with stat
WARNING:werkzeug: * Debugger is active!
INFO:werkzeug: * Debugger PIN: 954-139-024
INFO:werkzeug: * Detected change in "c:\\Users\\BNielsen\\OneDrive - St Joseph's College, Gregory Terrace\\11 Digital Solutions\\python codes\\Basic-Flask-Template\\app.py", reloading
INFO:werkzeug: * Restarting with stat
WARNING:werkzeug: * Debugger is active!
INFO:werkzeug: * Debugger PIN: 954-139-024
INFO:werkzeug: * Detected change in "c:\\Users\\BNielsen\\OneDrive - St Joseph's College, Gregory Terrace\\11 Digital Solutions\\python codes\\Basic-Flask-Template\\app.py", reloading
INFO:werkzeug: * Restarting with stat
WARNING:werkzeug: * Debugger is active!
INFO:werkzeug: * Debugger PIN: 954-139-024
INFO:werkzeug: * Detected change in "c:\\Users\\BNielsen\\OneDrive - St Joseph's College, Gregory Terrace\\11 Digital Solutions\\python codes\\Basic-Flask-Template\\app.py", reloading
INFO:werkzeug: * Restarting with stat
WARNING:werkzeug: * Debugger is active!
INFO:werkzeug: * Debugger PIN: 954-139-024
INFO:werkzeug: * Detected change in "c:\\Users\\BNielsen\\OneDrive - St Joseph's College, Gregory Terrace\\11 Digital Solutions\\python codes\\Basic-Flask-Template\\app.py", reloading
INFO:werkzeug: * Restarting with stat
WARNING:werkzeug: * Debugger is active!
INFO:werkzeug: * Debugger PIN: 954-139-024
